19:19
16:13
16:19
threader function has been called by button press
threader function has been called
Thread has started
Thread has started
While has started
While has started
threader function has been called by button press
threader function has been called by button press
threader function has been called
threader function has been called
Thread has started
Thread has started
Thread has started
While has started
While has started
While has started
16:23
threader function has been called by button press
threader function has been called
Thread has started
Thread has started
While has started
While has started
16:27
threader function has been called by button press
threader function has been called
Thread has started
Thread has started
While has started
While has started
